[ 2015-08-07T19:38:05+08:00 ] 127.0.0.1 /app/install/index/index.html
INFO: [ app_begin ] --START--
INFO: Run Behavior\ReadHtmlCacheBehavior [ RunTime:0.001232s ]
INFO: Run Common\Behavior\SettingBehavior [ RunTime:0.002647s ]
INFO: [ app_begin ] --END-- [ RunTime:0.004550s ]
INFO: [ view_parse ] --START--
INFO: [ template_filter ] --START--
INFO: Run Behavior\ContentReplaceBehavior [ RunTime:0.000154s ]
INFO: [ template_filter ] --END-- [ RunTime:0.000373s ]
INFO: Run Behavior\ParseTemplateBehavior [ RunTime:0.018847s ]
INFO: [ view_parse ] --END-- [ RunTime:0.019059s ]
INFO: [ view_filter ] --START--
INFO: Run Behavior\WriteHtmlCacheBehavior [ RunTime:0.002389s ]
INFO: [ view_filter ] --END-- [ RunTime:0.002567s ]
INFO: [ app_end ] --START--
INFO: Run Behavior\ShowPageTraceBehavior [ RunTime:0.003055s ]
INFO: [ app_end ] --END-- [ RunTime:0.003232s ]

[ 2015-08-07T19:38:05+08:00 ] 127.0.0.1 /app/install/index/check.html
INFO: [ app_begin ] --START--
INFO: Run Behavior\ReadHtmlCacheBehavior [ RunTime:0.002192s ]
INFO: Run Common\Behavior\SettingBehavior [ RunTime:0.003172s ]
INFO: [ app_begin ] --END-- [ RunTime:0.006301s ]

[ 2015-08-07T19:38:05+08:00 ] 127.0.0.1 /app/install/index/check.html
INFO: [ app_begin ] --START--
INFO: Run Behavior\ReadHtmlCacheBehavior [ RunTime:0.001273s ]
INFO: Run Common\Behavior\SettingBehavior [ RunTime:0.002714s ]
INFO: [ app_begin ] --END-- [ RunTime:0.004910s ]

[ 2015-08-07T19:38:05+08:00 ] 127.0.0.1 /app/install/index/check.html
INFO: [ app_begin ] --START--
INFO: Run Behavior\ReadHtmlCacheBehavior [ RunTime:0.000897s ]
INFO: Run Common\Behavior\SettingBehavior [ RunTime:0.001680s ]
INFO: [ app_begin ] --END-- [ RunTime:0.003335s ]

[ 2015-08-07T19:38:06+08:00 ] 127.0.0.1 /app/install/index/check.html
INFO: [ app_begin ] --START--
INFO: Run Behavior\ReadHtmlCacheBehavior [ RunTime:0.001516s ]
INFO: Run Common\Behavior\SettingBehavior [ RunTime:0.002984s ]
INFO: [ app_begin ] --END-- [ RunTime:0.005768s ]

[ 2015-08-07T19:38:06+08:00 ] 127.0.0.1 /app/install/index/check.html
INFO: [ app_begin ] --START--
INFO: Run Behavior\ReadHtmlCacheBehavior [ RunTime:0.001341s ]
INFO: Run Common\Behavior\SettingBehavior [ RunTime:0.002485s ]
INFO: [ app_begin ] --END-- [ RunTime:0.005691s ]

[ 2015-08-07T19:38:06+08:00 ] 127.0.0.1 /app/install/index/check.html
INFO: [ app_begin ] --START--
INFO: Run Behavior\ReadHtmlCacheBehavior [ RunTime:0.001331s ]
INFO: Run Common\Behavior\SettingBehavior [ RunTime:0.002518s ]
INFO: [ app_begin ] --END-- [ RunTime:0.004729s ]

[ 2015-08-07T19:38:06+08:00 ] 127.0.0.1 /app/install/index/check.html
INFO: [ app_begin ] --START--
INFO: Run Behavior\ReadHtmlCacheBehavior [ RunTime:0.010431s ]
INFO: Run Common\Behavior\SettingBehavior [ RunTime:0.002814s ]
INFO: [ app_begin ] --END-- [ RunTime:0.014599s ]

[ 2015-08-07T19:38:06+08:00 ] 127.0.0.1 /app/install/index/check.html
INFO: [ app_begin ] --START--
INFO: Run Behavior\ReadHtmlCacheBehavior [ RunTime:0.001449s ]
INFO: Run Common\Behavior\SettingBehavior [ RunTime:0.002442s ]
INFO: [ app_begin ] --END-- [ RunTime:0.004861s ]

[ 2015-08-07T19:38:06+08:00 ] 127.0.0.1 /app/install/index/check.html
INFO: [ app_begin ] --START--
INFO: Run Behavior\ReadHtmlCacheBehavior [ RunTime:0.001327s ]
INFO: Run Common\Behavior\SettingBehavior [ RunTime:0.002528s ]
INFO: [ app_begin ] --END-- [ RunTime:0.004728s ]

[ 2015-08-07T19:38:06+08:00 ] 127.0.0.1 /app/install/index/check.html
INFO: [ app_begin ] --START--
INFO: Run Behavior\ReadHtmlCacheBehavior [ RunTime:0.001957s ]
INFO: Run Common\Behavior\SettingBehavior [ RunTime:0.003806s ]
INFO: [ app_begin ] --END-- [ RunTime:0.006936s ]

[ 2015-08-07T19:38:06+08:00 ] 127.0.0.1 /app/install/index/check.html
INFO: [ app_begin ] --START--
INFO: Run Behavior\ReadHtmlCacheBehavior [ RunTime:0.001449s ]
INFO: Run Common\Behavior\SettingBehavior [ RunTime:0.002890s ]
INFO: [ app_begin ] --END-- [ RunTime:0.005290s ]

[ 2015-08-07T19:38:22+08:00 ] 127.0.0.1 /app/install/index/index.html
INFO: [ app_begin ] --START--
INFO: Run Behavior\ReadHtmlCacheBehavior [ RunTime:0.000912s ]
INFO: Run Common\Behavior\SettingBehavior [ RunTime:0.001743s ]
INFO: [ app_begin ] --END-- [ RunTime:0.003242s ]
INFO: [ view_parse ] --START--
INFO: [ template_filter ] --START--
INFO: Run Behavior\ContentReplaceBehavior [ RunTime:0.000087s ]
INFO: [ template_filter ] --END-- [ RunTime:0.000203s ]
INFO: Run Behavior\ParseTemplateBehavior [ RunTime:0.010959s ]
INFO: [ view_parse ] --END-- [ RunTime:0.011076s ]
INFO: [ view_filter ] --START--
INFO: Run Behavior\WriteHtmlCacheBehavior [ RunTime:0.000690s ]
INFO: [ view_filter ] --END-- [ RunTime:0.000784s ]
INFO: [ app_end ] --START--
INFO: Run Behavior\ShowPageTraceBehavior [ RunTime:0.000882s ]
INFO: [ app_end ] --END-- [ RunTime:0.000979s ]

[ 2015-08-07T19:38:22+08:00 ] 127.0.0.1 /app/install/index/check.html
INFO: [ app_begin ] --START--
INFO: Run Behavior\ReadHtmlCacheBehavior [ RunTime:0.001274s ]
INFO: Run Common\Behavior\SettingBehavior [ RunTime:0.002062s ]
INFO: [ app_begin ] --END-- [ RunTime:0.004343s ]

[ 2015-08-07T19:38:22+08:00 ] 127.0.0.1 /app/install/index/check.html
INFO: [ app_begin ] --START--
INFO: Run Behavior\ReadHtmlCacheBehavior [ RunTime:0.001904s ]
INFO: Run Common\Behavior\SettingBehavior [ RunTime:0.003300s ]
INFO: [ app_begin ] --END-- [ RunTime:0.006520s ]

[ 2015-08-07T19:38:22+08:00 ] 127.0.0.1 /app/install/index/check.html
INFO: [ app_begin ] --START--
INFO: Run Behavior\ReadHtmlCacheBehavior [ RunTime:0.001664s ]
INFO: Run Common\Behavior\SettingBehavior [ RunTime:0.002967s ]
INFO: [ app_begin ] --END-- [ RunTime:0.005814s ]

[ 2015-08-07T19:38:22+08:00 ] 127.0.0.1 /app/install/index/check.html
INFO: [ app_begin ] --START--
INFO: Run Behavior\ReadHtmlCacheBehavior [ RunTime:0.001191s ]
INFO: Run Common\Behavior\SettingBehavior [ RunTime:0.003990s ]
INFO: [ app_begin ] --END-- [ RunTime:0.005852s ]

[ 2015-08-07T19:38:22+08:00 ] 127.0.0.1 /app/install/index/check.html
INFO: [ app_begin ] --START--
INFO: Run Behavior\ReadHtmlCacheBehavior [ RunTime:0.001864s ]
INFO: Run Common\Behavior\SettingBehavior [ RunTime:0.002586s ]
INFO: [ app_begin ] --END-- [ RunTime:0.005101s ]

[ 2015-08-07T19:38:23+08:00 ] 127.0.0.1 /app/install/index/check.html
INFO: [ app_begin ] --START--
INFO: Run Behavior\ReadHtmlCacheBehavior [ RunTime:0.001240s ]
INFO: Run Common\Behavior\SettingBehavior [ RunTime:0.002726s ]
INFO: [ app_begin ] --END-- [ RunTime:0.004684s ]

[ 2015-08-07T19:38:23+08:00 ] 127.0.0.1 /app/install/index/check.html
INFO: [ app_begin ] --START--
INFO: Run Behavior\ReadHtmlCacheBehavior [ RunTime:0.001247s ]
INFO: Run Common\Behavior\SettingBehavior [ RunTime:0.001951s ]
INFO: [ app_begin ] --END-- [ RunTime:0.003849s ]

[ 2015-08-07T19:38:23+08:00 ] 127.0.0.1 /app/install/index/check.html
INFO: [ app_begin ] --START--
INFO: Run Behavior\ReadHtmlCacheBehavior [ RunTime:0.001201s ]
INFO: Run Common\Behavior\SettingBehavior [ RunTime:0.004201s ]
INFO: [ app_begin ] --END-- [ RunTime:0.006097s ]

[ 2015-08-07T19:38:23+08:00 ] 127.0.0.1 /app/install/index/check.html
INFO: [ app_begin ] --START--
INFO: Run Behavior\ReadHtmlCacheBehavior [ RunTime:0.001187s ]
INFO: Run Common\Behavior\SettingBehavior [ RunTime:0.002011s ]
INFO: [ app_begin ] --END-- [ RunTime:0.003854s ]

[ 2015-08-07T19:38:23+08:00 ] 127.0.0.1 /app/install/index/check.html
INFO: [ app_begin ] --START--
INFO: Run Behavior\ReadHtmlCacheBehavior [ RunTime:0.001209s ]
INFO: Run Common\Behavior\SettingBehavior [ RunTime:0.003746s ]
INFO: [ app_begin ] --END-- [ RunTime:0.005647s ]

[ 2015-08-07T19:38:24+08:00 ] 127.0.0.1 /app/install/index/index.html
INFO: [ app_begin ] --START--
INFO: Run Behavior\ReadHtmlCacheBehavior [ RunTime:0.001220s ]
INFO: Run Common\Behavior\SettingBehavior [ RunTime:0.001974s ]
INFO: [ app_begin ] --END-- [ RunTime:0.003876s ]
INFO: [ view_parse ] --START--
INFO: [ template_filter ] --START--
INFO: Run Behavior\ContentReplaceBehavior [ RunTime:0.000100s ]
INFO: [ template_filter ] --END-- [ RunTime:0.000223s ]
INFO: Run Behavior\ParseTemplateBehavior [ RunTime:0.018299s ]
INFO: [ view_parse ] --END-- [ RunTime:0.018484s ]
INFO: [ view_filter ] --START--
INFO: Run Behavior\WriteHtmlCacheBehavior [ RunTime:0.002485s ]
INFO: [ view_filter ] --END-- [ RunTime:0.002635s ]
INFO: [ app_end ] --START--
INFO: Run Behavior\ShowPageTraceBehavior [ RunTime:0.002793s ]
INFO: [ app_end ] --END-- [ RunTime:0.002933s ]

[ 2015-08-07T19:38:51+08:00 ] 127.0.0.1 /app/install/index/dbtest.html?dbhost=192.168.108.129&dbport=3306&dbuser=root&dbpw=admin&dbname=app&tablepre=app_&sid=2.1912044403268363
INFO: [ app_begin ] --START--
INFO: Run Behavior\ReadHtmlCacheBehavior [ RunTime:0.000974s ]
INFO: Run Common\Behavior\SettingBehavior [ RunTime:0.002357s ]
INFO: [ app_begin ] --END-- [ RunTime:0.003913s ]

[ 2015-08-07T19:38:53+08:00 ] 127.0.0.1 /app/install/index/index.html
INFO: [ app_begin ] --START--
INFO: Run Behavior\ReadHtmlCacheBehavior [ RunTime:0.001394s ]
INFO: Run Common\Behavior\SettingBehavior [ RunTime:0.002624s ]
INFO: [ app_begin ] --END-- [ RunTime:0.004983s ]
INFO: [ view_parse ] --START--
INFO: [ template_filter ] --START--
INFO: Run Behavior\ContentReplaceBehavior [ RunTime:0.000135s ]
INFO: [ template_filter ] --END-- [ RunTime:0.000295s ]
INFO: Run Behavior\ParseTemplateBehavior [ RunTime:0.016211s ]
INFO: [ view_parse ] --END-- [ RunTime:0.016373s ]
INFO: [ view_filter ] --START--
INFO: Run Behavior\WriteHtmlCacheBehavior [ RunTime:0.000727s ]
INFO: [ view_filter ] --END-- [ RunTime:0.000830s ]
INFO: [ app_end ] --START--
INFO: Run Behavior\ShowPageTraceBehavior [ RunTime:0.000950s ]
INFO: [ app_end ] --END-- [ RunTime:0.001053s ]

[ 2015-08-07T19:38:54+08:00 ] 127.0.0.1 /app/install/index/install.html
INFO: [ app_begin ] --START--
INFO: Run Behavior\ReadHtmlCacheBehavior [ RunTime:0.001263s ]
INFO: Run Common\Behavior\SettingBehavior [ RunTime:0.002180s ]
INFO: [ app_begin ] --END-- [ RunTime:0.004133s ]

[ 2015-08-07T19:38:56+08:00 ] 127.0.0.1 /app/install/index/index.html
INFO: [ app_begin ] --START--
INFO: Run Behavior\ReadHtmlCacheBehavior [ RunTime:0.001215s ]
INFO: Run Common\Behavior\SettingBehavior [ RunTime:0.002000s ]
INFO: [ app_begin ] --END-- [ RunTime:0.003934s ]
INFO: [ view_parse ] --START--
INFO: [ template_filter ] --START--
INFO: Run Behavior\ContentReplaceBehavior [ RunTime:0.000129s ]
INFO: [ template_filter ] --END-- [ RunTime:0.000284s ]
INFO: Run Behavior\ParseTemplateBehavior [ RunTime:0.014286s ]
INFO: [ view_parse ] --END-- [ RunTime:0.014423s ]
INFO: [ view_filter ] --START--
INFO: Run Behavior\WriteHtmlCacheBehavior [ RunTime:0.001887s ]
INFO: [ view_filter ] --END-- [ RunTime:0.002046s ]
INFO: [ app_end ] --START--
INFO: Run Behavior\ShowPageTraceBehavior [ RunTime:0.001984s ]
INFO: [ app_end ] --END-- [ RunTime:0.002179s ]

