[ 2016-01-29T17:28:21+08:00 ] ::1 /app/install
INFO: [ app_begin ] --START--
INFO: Run Behavior\ReadHtmlCacheBehavior [ RunTime:0.000943s ]
INFO: Run Common\Behavior\SettingBehavior [ RunTime:0.000898s ]
INFO: [ app_begin ] --END-- [ RunTime:0.003368s ]
INFO: [ view_parse ] --START--
INFO: [ template_filter ] --START--
INFO: Run Behavior\ContentReplaceBehavior [ RunTime:0.000380s ]
INFO: [ template_filter ] --END-- [ RunTime:0.000984s ]
INFO: Run Behavior\ParseTemplateBehavior [ RunTime:0.014930s ]
INFO: [ view_parse ] --END-- [ RunTime:0.015715s ]
INFO: [ view_filter ] --START--
INFO: Run Behavior\WriteHtmlCacheBehavior [ RunTime:0.000756s ]
INFO: [ view_filter ] --END-- [ RunTime:0.001410s ]
INFO: [ app_end ] --START--
INFO: Run Behavior\ShowPageTraceBehavior [ RunTime:0.000565s ]
INFO: [ app_end ] --END-- [ RunTime:0.001130s ]

[ 2016-01-29T17:28:21+08:00 ] ::1 /app/install/index/check.html
INFO: [ app_begin ] --START--
INFO: Run Behavior\ReadHtmlCacheBehavior [ RunTime:0.000403s ]
INFO: Run Common\Behavior\SettingBehavior [ RunTime:0.000537s ]
INFO: [ app_begin ] --END-- [ RunTime:0.001854s ]

[ 2016-01-29T17:28:21+08:00 ] ::1 /app/install/index/check.html
INFO: [ app_begin ] --START--
INFO: Run Behavior\ReadHtmlCacheBehavior [ RunTime:0.000596s ]
INFO: Run Common\Behavior\SettingBehavior [ RunTime:0.000674s ]
INFO: [ app_begin ] --END-- [ RunTime:0.002265s ]

[ 2016-01-29T17:28:21+08:00 ] ::1 /app/install/index/check.html
INFO: [ app_begin ] --START--
INFO: Run Behavior\ReadHtmlCacheBehavior [ RunTime:0.000406s ]
INFO: Run Common\Behavior\SettingBehavior [ RunTime:0.000540s ]
INFO: [ app_begin ] --END-- [ RunTime:0.001824s ]

[ 2016-01-29T17:28:21+08:00 ] ::1 /app/install/index/check.html
INFO: [ app_begin ] --START--
INFO: Run Behavior\ReadHtmlCacheBehavior [ RunTime:0.000473s ]
INFO: Run Common\Behavior\SettingBehavior [ RunTime:0.000550s ]
INFO: [ app_begin ] --END-- [ RunTime:0.001997s ]

[ 2016-01-29T17:28:21+08:00 ] ::1 /app/install/index/check.html
INFO: [ app_begin ] --START--
INFO: Run Behavior\ReadHtmlCacheBehavior [ RunTime:0.000517s ]
INFO: Run Common\Behavior\SettingBehavior [ RunTime:0.000580s ]
INFO: [ app_begin ] --END-- [ RunTime:0.002223s ]

[ 2016-01-29T17:28:21+08:00 ] ::1 /app/install/index/check.html
INFO: [ app_begin ] --START--
INFO: Run Behavior\ReadHtmlCacheBehavior [ RunTime:0.000532s ]
INFO: Run Common\Behavior\SettingBehavior [ RunTime:0.000653s ]
INFO: [ app_begin ] --END-- [ RunTime:0.002293s ]

[ 2016-01-29T17:28:21+08:00 ] ::1 /app/install/index/check.html
INFO: [ app_begin ] --START--
INFO: Run Behavior\ReadHtmlCacheBehavior [ RunTime:0.000906s ]
INFO: Run Common\Behavior\SettingBehavior [ RunTime:0.000591s ]
INFO: [ app_begin ] --END-- [ RunTime:0.002883s ]

[ 2016-01-29T17:28:21+08:00 ] ::1 /app/install/index/check.html
INFO: [ app_begin ] --START--
INFO: Run Behavior\ReadHtmlCacheBehavior [ RunTime:0.000375s ]
INFO: Run Common\Behavior\SettingBehavior [ RunTime:0.000486s ]
INFO: [ app_begin ] --END-- [ RunTime:0.001631s ]

[ 2016-01-29T17:28:21+08:00 ] ::1 /app/install/index/check.html
INFO: [ app_begin ] --START--
INFO: Run Behavior\ReadHtmlCacheBehavior [ RunTime:0.000394s ]
INFO: Run Common\Behavior\SettingBehavior [ RunTime:0.000512s ]
INFO: [ app_begin ] --END-- [ RunTime:0.001855s ]

[ 2016-01-29T17:28:21+08:00 ] ::1 /app/install/index/check.html
INFO: [ app_begin ] --START--
INFO: Run Behavior\ReadHtmlCacheBehavior [ RunTime:0.000989s ]
INFO: Run Common\Behavior\SettingBehavior [ RunTime:0.000890s ]
INFO: [ app_begin ] --END-- [ RunTime:0.003242s ]

[ 2016-01-29T19:31:27+08:00 ] ::1 /app/install
INFO: [ app_begin ] --START--
INFO: Run Behavior\ReadHtmlCacheBehavior [ RunTime:0.001680s ]
INFO: Run Common\Behavior\SettingBehavior [ RunTime:0.001109s ]
INFO: [ app_begin ] --END-- [ RunTime:0.004789s ]
INFO: [ view_parse ] --START--
INFO: [ template_filter ] --START--
INFO: Run Behavior\ContentReplaceBehavior [ RunTime:0.000298s ]
INFO: [ template_filter ] --END-- [ RunTime:0.000768s ]
INFO: Run Behavior\ParseTemplateBehavior [ RunTime:0.014875s ]
INFO: [ view_parse ] --END-- [ RunTime:0.015354s ]
INFO: [ view_filter ] --START--
INFO: Run Behavior\WriteHtmlCacheBehavior [ RunTime:0.000533s ]
INFO: [ view_filter ] --END-- [ RunTime:0.000989s ]
INFO: [ app_end ] --START--
INFO: Run Behavior\ShowPageTraceBehavior [ RunTime:0.000721s ]
INFO: [ app_end ] --END-- [ RunTime:0.001178s ]

[ 2016-01-29T19:31:28+08:00 ] ::1 /app/install/index/check.html
INFO: [ app_begin ] --START--
INFO: Run Behavior\ReadHtmlCacheBehavior [ RunTime:0.000491s ]
INFO: Run Common\Behavior\SettingBehavior [ RunTime:0.000559s ]
INFO: [ app_begin ] --END-- [ RunTime:0.001979s ]

[ 2016-01-29T19:31:28+08:00 ] ::1 /app/install/index/check.html
INFO: [ app_begin ] --START--
INFO: Run Behavior\ReadHtmlCacheBehavior [ RunTime:0.000568s ]
INFO: Run Common\Behavior\SettingBehavior [ RunTime:0.000682s ]
INFO: [ app_begin ] --END-- [ RunTime:0.002340s ]

[ 2016-01-29T19:31:28+08:00 ] ::1 /app/install/index/check.html
INFO: [ app_begin ] --START--
INFO: Run Behavior\ReadHtmlCacheBehavior [ RunTime:0.000477s ]
INFO: Run Common\Behavior\SettingBehavior [ RunTime:0.000552s ]
INFO: [ app_begin ] --END-- [ RunTime:0.001957s ]

[ 2016-01-29T19:31:28+08:00 ] ::1 /app/install/index/check.html
INFO: [ app_begin ] --START--
INFO: Run Behavior\ReadHtmlCacheBehavior [ RunTime:0.000426s ]
INFO: Run Common\Behavior\SettingBehavior [ RunTime:0.000476s ]
INFO: [ app_begin ] --END-- [ RunTime:0.001767s ]

[ 2016-01-29T19:31:28+08:00 ] ::1 /app/install/index/check.html
INFO: [ app_begin ] --START--
INFO: Run Behavior\ReadHtmlCacheBehavior [ RunTime:0.000660s ]
INFO: Run Common\Behavior\SettingBehavior [ RunTime:0.000483s ]
INFO: [ app_begin ] --END-- [ RunTime:0.002187s ]

[ 2016-01-29T19:31:28+08:00 ] ::1 /app/install/index/check.html
INFO: [ app_begin ] --START--
INFO: Run Behavior\ReadHtmlCacheBehavior [ RunTime:0.000407s ]
INFO: Run Common\Behavior\SettingBehavior [ RunTime:0.000737s ]
INFO: [ app_begin ] --END-- [ RunTime:0.002074s ]

[ 2016-01-29T19:31:28+08:00 ] ::1 /app/install/index/check.html
INFO: [ app_begin ] --START--
INFO: Run Behavior\ReadHtmlCacheBehavior [ RunTime:0.000782s ]
INFO: Run Common\Behavior\SettingBehavior [ RunTime:0.000607s ]
INFO: [ app_begin ] --END-- [ RunTime:0.002811s ]

[ 2016-01-29T19:31:28+08:00 ] ::1 /app/install/index/check.html
INFO: [ app_begin ] --START--
INFO: Run Behavior\ReadHtmlCacheBehavior [ RunTime:0.000376s ]
INFO: Run Common\Behavior\SettingBehavior [ RunTime:0.000476s ]
INFO: [ app_begin ] --END-- [ RunTime:0.001616s ]

[ 2016-01-29T19:31:28+08:00 ] ::1 /app/install/index/check.html
INFO: [ app_begin ] --START--
INFO: Run Behavior\ReadHtmlCacheBehavior [ RunTime:0.000377s ]
INFO: Run Common\Behavior\SettingBehavior [ RunTime:0.000434s ]
INFO: [ app_begin ] --END-- [ RunTime:0.001559s ]

[ 2016-01-29T19:31:28+08:00 ] ::1 /app/install/index/check.html
INFO: [ app_begin ] --START--
INFO: Run Behavior\ReadHtmlCacheBehavior [ RunTime:0.000450s ]
INFO: Run Common\Behavior\SettingBehavior [ RunTime:0.000548s ]
INFO: [ app_begin ] --END-- [ RunTime:0.001994s ]

